Build started 23/04/2019 10:31:59 ص.
     1>Project "C:\Users\HP\Desktop\atm\Projectnada.vcxproj" on node 2 (Build target(s)).
     1>ClCompile:
         C:\Program Files (x86)\Microsoft Visual Studio 11.0\VC\bin\CL.exe /c /ZI /nologo /W3 /WX- /Od /Oy- /D _MBCS /Gm /EHsc /RTC1 /MDd /GS /fp:precise /Zc:wchar_t /Zc:forScope /Fo"Debug\\" /Fd"Debug\vc110.pdb" /Gd /TP /analyze- /errorReport:prompt Source.cpp
         Source.cpp
     1>c:\users\hp\desktop\atm\source.cpp(34): warning C4996: 'localtime': This function or variable may be unsafe. Consider using localtime_s instead. To disable deprecation, use _CRT_SECURE_NO_WARNINGS. See online help for details.
                 c:\program files (x86)\microsoft visual studio 11.0\vc\include\time.inl(112) : see declaration of 'localtime'
     1>c:\users\hp\desktop\atm\source.cpp(46): warning C4996: 'sprintf': This function or variable may be unsafe. Consider using sprintf_s instead. To disable deprecation, use _CRT_SECURE_NO_WARNINGS. See online help for details.
                 c:\program files (x86)\microsoft visual studio 11.0\vc\include\stdio.h(357) : see declaration of 'sprintf'
     1>c:\users\hp\desktop\atm\source.cpp(202): warning C4244: 'argument' : conversion from 'double' to 'int', possible loss of data
     1>c:\users\hp\desktop\atm\source.cpp(203): warning C4244: 'argument' : conversion from 'double' to 'int', possible loss of data
     1>c:\users\hp\desktop\atm\source.cpp(211): warning C4244: 'argument' : conversion from 'double' to 'int', possible loss of data
     1>c:\users\hp\desktop\atm\source.cpp(212): warning C4244: 'argument' : conversion from 'double' to 'int', possible loss of data
     1>c:\users\hp\desktop\atm\source.cpp(297): warning C4018: '<' : signed/unsigned mismatch
     1>c:\users\hp\desktop\atm\source.cpp(308): warning C4018: '<' : signed/unsigned mismatch
     1>c:\users\hp\desktop\atm\source.cpp(340): warning C4018: '<' : signed/unsigned mismatch
     1>c:\users\hp\desktop\atm\source.cpp(364): warning C4018: '<' : signed/unsigned mismatch
       Link:
         C:\Program Files (x86)\Microsoft Visual Studio 11.0\VC\bin\link.exe /ERRORREPORT:PROMPT /OUT:"C:\Users\HP\Desktop\atm\Debug\Projectnada.exe" /INCREMENTAL /NOLOGO kernel32.lib user32.lib gdi32.lib winspool.lib comdlg32.lib advapi32.lib shell32.lib ole32.lib oleaut32.lib uuid.lib odbc32.lib odbccp32.lib /MANIFEST /MANIFESTUAC:"level='asInvoker' uiAccess='false'" /manifest:embed /DEBUG /PDB:"C:\Users\HP\Desktop\atm\Debug\Projectnada.pdb" /SUBSYSTEM:CONSOLE /TLBID:1 /DYNAMICBASE /NXCOMPAT /IMPLIB:"C:\Users\HP\Desktop\atm\Debug\Projectnada.lib" /MACHINE:X86 Debug\Source.obj
         Projectnada.vcxproj -> C:\Users\HP\Desktop\atm\Debug\Projectnada.exe
     1>Done Building Project "C:\Users\HP\Desktop\atm\Projectnada.vcxproj" (Build target(s)).

Build succeeded.

Time Elapsed 00:00:02.49
